<?xml version="1.0" encoding="UTF-8"?>
<testng-results total="1" passed="1" failed="0" skipped="0">
  <reporter-output>
  </reporter-output>
  <suite started-at="2022-10-28T23:59:50Z" name="softwaretestingmaterial" finished-at="2022-10-28T23:59:50Z" duration-ms="22">
    <groups>
    </groups>
    <test started-at="2022-10-28T23:59:50Z" name="testngTest" finished-at="2022-10-28T23:59:50Z" duration-ms="22">
      <class name="br.com.llobo.testacases.TesteClass">
        <test-method signature="teste01()[pri:0, instance:br.com.llobo.testacases.TesteClass@a3d8174]" started-at="2022-10-28T20:59:50Z" name="teste01" finished-at="2022-10-28T20:59:50Z" duration-ms="10" status="PASS">
          <reporter-output>
          </reporter-output>
        </test-method> <!-- teste01 -->
      </class> <!-- br.com.llobo.testacases.TesteClass -->
    </test> <!-- testngTest -->
  </suite> <!-- softwaretestingmaterial -->
</testng-results>
